;  LST file generated by mikroListExporter - v.2.0 
; Date/Time: 4/19/2026 6:55:42 PM
;----------------------------------------------

;Address Opcode 	ASM
0x0000	0x2ADB      	GOTO       731
_SPI1_Write:
;__Lib_SPI_c345.c,77 :: 		
;__Lib_SPI_c345.c,80 :: 		
0x0003	0x1283      	BCF        STATUS, 5
0x0004	0x1303      	BCF        STATUS, 6
0x0005	0x0820      	MOVF       FARG_SPI1_Write_data_, 0
0x0006	0x0093      	MOVWF      SSPBUF
;__Lib_SPI_c345.c,81 :: 		
L_SPI1_Write8:
0x0007	0x1683      	BSF        STATUS, 5
0x0008	0x1814      	BTFSC      SSPSTAT, 0
0x0009	0x280C      	GOTO       L_SPI1_Write9
;__Lib_SPI_c345.c,82 :: 		
0x000A	0x0000      	NOP
0x000B	0x2807      	GOTO       L_SPI1_Write8
L_SPI1_Write9:
;__Lib_SPI_c345.c,83 :: 		
0x000C	0x1283      	BCF        STATUS, 5
0x000D	0x0813      	MOVF       SSPBUF, 0
0x000E	0x00F0      	MOVWF      R0
;__Lib_SPI_c345.c,84 :: 		
L_end_SPI1_Write:
0x000F	0x0008      	RETURN
; end of _SPI1_Write
_MAX7219_Send:
;PicPong_Project.c,89 :: 		void MAX7219_Send(unsigned char regAddr, unsigned char regData) {
;PicPong_Project.c,90 :: 		MAX7219_CS = 0;
0x0010	0x1283      	BCF        STATUS, 5
0x0011	0x1303      	BCF        STATUS, 6
0x0012	0x1007      	BCF        RC0_bit, BitPos(RC0_bit+0)
;PicPong_Project.c,91 :: 		SPI1_Write(regAddr);
0x0013	0x0849      	MOVF       FARG_MAX7219_Send_regAddr, 0
0x0014	0x00A0      	MOVWF      FARG_SPI1_Write_data_
0x0015	0x2003      	CALL       _SPI1_Write
;PicPong_Project.c,92 :: 		SPI1_Write(regData);
0x0016	0x084A      	MOVF       FARG_MAX7219_Send_regData, 0
0x0017	0x00A0      	MOVWF      FARG_SPI1_Write_data_
0x0018	0x2003      	CALL       _SPI1_Write
;PicPong_Project.c,93 :: 		MAX7219_CS = 1;
0x0019	0x1407      	BSF        RC0_bit, BitPos(RC0_bit+0)
;PicPong_Project.c,94 :: 		}
L_end_MAX7219_Send:
0x001A	0x0008      	RETURN
; end of _MAX7219_Send
_ApplyPaddleState:
;PicPong_Project.c,130 :: 		void ApplyPaddleState(unsigned char playerCol, unsigned char paddleState) {
;PicPong_Project.c,131 :: 		MAX7219_Send(playerCol, paddleState);
0x001B	0x1283      	BCF        STATUS, 5
0x001C	0x1303      	BCF        STATUS, 6
0x001D	0x0847      	MOVF       FARG_ApplyPaddleState_playerCol, 0
0x001E	0x00C9      	MOVWF      FARG_MAX7219_Send_regAddr
0x001F	0x0848      	MOVF       FARG_ApplyPaddleState_paddleState, 0
0x0020	0x00CA      	MOVWF      FARG_MAX7219_Send_regData
0x0021	0x2010      	CALL       _MAX7219_Send
;PicPong_Project.c,132 :: 		}
L_end_ApplyPaddleState:
0x0022	0x0008      	RETURN
; end of _ApplyPaddleState
_____DoICP:
;__Lib_System.c,6 :: 		
;__Lib_System.c,9 :: 		
0x0023	0x1283      	BCF        STATUS, 5
0x0024	0x1303      	BCF        STATUS, 6
0x0025	0x0830      	MOVF       ___DoICPAddr+1, 0
0x0026	0x008A      	MOVWF      PCLATH
;__Lib_System.c,10 :: 		
0x0027	0x082F      	MOVF       ___DoICPAddr, 0
0x0028	0x0082      	MOVWF      PCL
;__Lib_System.c,12 :: 		
L_end_____DoICP:
0x0029	0x0008      	RETURN
; end of _____DoICP
_SPI1_Init_Advanced:
;__Lib_SPI_c345.c,40 :: 		
;__Lib_SPI_c345.c,41 :: 		
0x002A	0x30FF      	MOVLW      _SPI1_Read
0x002B	0x1283      	BCF        STATUS, 5
0x002C	0x1303      	BCF        STATUS, 6
0x002D	0x00B4      	MOVWF      _SPI_Rd_Ptr
0x002E	0x30FF      	MOVLW      hi_addr(_SPI1_Read)
0x002F	0x00B5      	MOVWF      _SPI_Rd_Ptr+1
0x0030	0x30FF      	MOVLW      FARG_SPI1_Read_buffer
0x0031	0x00B6      	MOVWF      _SPI_Rd_Ptr+2
0x0032	0x30FF      	MOVLW      hi_addr(FARG_SPI1_Read_buffer)
;__Lib_SPI_c345.c,42 :: 		
0x0033	0x3003      	MOVLW      _SPI1_Write
0x0034	0x00B1      	MOVWF      _SPI_Wr_Ptr
0x0035	0x3000      	MOVLW      hi_addr(_SPI1_Write)
0x0036	0x00B2      	MOVWF      _SPI_Wr_Ptr+1
0x0037	0x3020      	MOVLW      FARG_SPI1_Write_data_
0x0038	0x00B3      	MOVWF      _SPI_Wr_Ptr+2
0x0039	0x3000      	MOVLW      hi_addr(FARG_SPI1_Write_data_)
;__Lib_SPI_c345.c,45 :: 		
0x003A	0x1683      	BSF        STATUS, 5
0x003B	0x1287      	BCF        TRISC5_bit, BitPos(TRISC5_bit+0)
;__Lib_SPI_c345.c,46 :: 		
0x003C	0x1283      	BCF        STATUS, 5
0x003D	0x0843      	MOVF       FARG_SPI1_Init_Advanced_master, 0
0x003E	0x3A04      	XORLW      4
0x003F	0x1D03      	BTFSS      STATUS, 2
0x0040	0x2844      	GOTO       L_SPI1_Init_Advanced0
0x0041	0x1683      	BSF        STATUS, 5
0x0042	0x1587      	BSF        TRISC3_bit, BitPos(TRISC3_bit+0)
0x0043	0x2846      	GOTO       L_SPI1_Init_Advanced1
L_SPI1_Init_Advanced0:
0x0044	0x1683      	BSF        STATUS, 5
;__Lib_SPI_c345.c,47 :: 		
0x0045	0x1187      	BCF        TRISC3_bit, BitPos(TRISC3_bit+0)
L_SPI1_Init_Advanced1:
;__Lib_SPI_c345.c,48 :: 		
0x0046	0x1607      	BSF        TRISC4_bit, BitPos(TRISC4_bit+0)
;__Lib_SPI_c345.c,50 :: 		
0x0047	0x1283      	BCF        STATUS, 5
0x0048	0x0194      	CLRF       SSPCON
;__Lib_SPI_c345.c,51 :: 		
0x0049	0x1683      	BSF        STATUS, 5
0x004A	0x1314      	BCF        SSPSTAT, 6
;__Lib_SPI_c345.c,52 :: 		
0x004B	0x1394      	BCF        SSPSTAT, 7
;__Lib_SPI_c345.c,53 :: 		
0x004C	0x1283      	BCF        STATUS, 5
0x004D	0x0843      	MOVF       FARG_SPI1_Init_Advanced_master, 0
0x004E	0x0494      	IORWF      SSPCON, 1
;__Lib_SPI_c345.c,54 :: 		
0x004F	0x0845      	MOVF       FARG_SPI1_Init_Advanced_clock_idle, 0
0x0050	0x0494      	IORWF      SSPCON, 1
;__Lib_SPI_c345.c,55 :: 		
0x0051	0x0844      	MOVF       FARG_SPI1_Init_Advanced_data_sample, 0
0x0052	0x1683      	BSF        STATUS, 5
0x0053	0x0494      	IORWF      SSPSTAT, 1
;__Lib_SPI_c345.c,57 :: 		
0x0054	0x1283      	BCF        STATUS, 5
0x0055	0x0845      	MOVF       FARG_SPI1_Init_Advanced_clock_idle, 0
0x0056	0x1903      	BTFSC      STATUS, 2
0x0057	0x285F      	GOTO       L_SPI1_Init_Advanced2
;__Lib_SPI_c345.c,58 :: 		
0x0058	0x0846      	MOVF       FARG_SPI1_Init_Advanced_transmit_edge, 0
0x0059	0x3A00      	XORLW      0
0x005A	0x1D03      	BTFSS      STATUS, 2
0x005B	0x285E      	GOTO       L_SPI1_Init_Advanced3
;__Lib_SPI_c345.c,59 :: 		
0x005C	0x1683      	BSF        STATUS, 5
0x005D	0x1714      	BSF        SSPSTAT, 6
L_SPI1_Init_Advanced3:
;__Lib_SPI_c345.c,60 :: 		
0x005E	0x2865      	GOTO       L_SPI1_Init_Advanced4
L_SPI1_Init_Advanced2:
;__Lib_SPI_c345.c,62 :: 		
0x005F	0x1283      	BCF        STATUS, 5
0x0060	0x0846      	MOVF       FARG_SPI1_Init_Advanced_transmit_edge, 0
0x0061	0x1903      	BTFSC      STATUS, 2
0x0062	0x2865      	GOTO       L_SPI1_Init_Advanced5
;__Lib_SPI_c345.c,63 :: 		
0x0063	0x1683      	BSF        STATUS, 5
0x0064	0x1714      	BSF        SSPSTAT, 6
L_SPI1_Init_Advanced5:
;__Lib_SPI_c345.c,64 :: 		
L_SPI1_Init_Advanced4:
;__Lib_SPI_c345.c,65 :: 		
0x0065	0x1283      	BCF        STATUS, 5
0x0066	0x1694      	BSF        SSPCON, 5
;__Lib_SPI_c345.c,66 :: 		
L_end_SPI1_Init_Advanced:
0x0067	0x0008      	RETURN
; end of _SPI1_Init_Advanced
_MAX7219_Clear:
;PicPong_Project.c,96 :: 		void MAX7219_Clear() {
;PicPong_Project.c,98 :: 		for (col = 1; col <= 8; col++) {
0x0068	0x3001      	MOVLW      1
0x0069	0x1283      	BCF        STATUS, 5
0x006A	0x1303      	BCF        STATUS, 6
0x006B	0x00C3      	MOVWF      MAX7219_Clear_col_L0
L_MAX7219_Clear0:
0x006C	0x0843      	MOVF       MAX7219_Clear_col_L0, 0
0x006D	0x3C08      	SUBLW      8
0x006E	0x1C03      	BTFSS      STATUS, 0
0x006F	0x2876      	GOTO       L_MAX7219_Clear1
;PicPong_Project.c,99 :: 		MAX7219_Send(col, No_Light);
0x0070	0x0843      	MOVF       MAX7219_Clear_col_L0, 0
0x0071	0x00C9      	MOVWF      FARG_MAX7219_Send_regAddr
0x0072	0x01CA      	CLRF       FARG_MAX7219_Send_regData
0x0073	0x2010      	CALL       _MAX7219_Send
;PicPong_Project.c,98 :: 		for (col = 1; col <= 8; col++) {
0x0074	0x0AC3      	INCF       MAX7219_Clear_col_L0, 1
;PicPong_Project.c,100 :: 		}
0x0075	0x286C      	GOTO       L_MAX7219_Clear0
L_MAX7219_Clear1:
;PicPong_Project.c,101 :: 		}
L_end_MAX7219_Clear:
0x0076	0x0008      	RETURN
; end of _MAX7219_Clear
_RenderFrame:
;PicPong_Project.c,134 :: 		void RenderFrame() {
;PicPong_Project.c,139 :: 		for (col = 1; col <= 8; col++) {
0x0077	0x3001      	MOVLW      1
0x0078	0x1283      	BCF        STATUS, 5
0x0079	0x1303      	BCF        STATUS, 6
0x007A	0x00C3      	MOVWF      RenderFrame_col_L0
L_RenderFrame3:
0x007B	0x0843      	MOVF       RenderFrame_col_L0, 0
0x007C	0x3C08      	SUBLW      8
0x007D	0x1C03      	BTFSS      STATUS, 0
0x007E	0x2885      	GOTO       L_RenderFrame4
;PicPong_Project.c,140 :: 		MAX7219_Send(col, No_Light);
0x007F	0x0843      	MOVF       RenderFrame_col_L0, 0
0x0080	0x00C9      	MOVWF      FARG_MAX7219_Send_regAddr
0x0081	0x01CA      	CLRF       FARG_MAX7219_Send_regData
0x0082	0x2010      	CALL       _MAX7219_Send
;PicPong_Project.c,139 :: 		for (col = 1; col <= 8; col++) {
0x0083	0x0AC3      	INCF       RenderFrame_col_L0, 1
;PicPong_Project.c,141 :: 		}
0x0084	0x287B      	GOTO       L_RenderFrame3
L_RenderFrame4:
;PicPong_Project.c,143 :: 		p1Render = p1State;
0x0085	0x0821      	MOVF       _p1State, 0
0x0086	0x00C4      	MOVWF      RenderFrame_p1Render_L0
;PicPong_Project.c,144 :: 		p2Render = p2State;
0x0087	0x082A      	MOVF       _p2State, 0
0x0088	0x00C5      	MOVWF      RenderFrame_p2Render_L0
;PicPong_Project.c,146 :: 		if (ballX == PLAYER1_COL) p1Render |= ballYState;
0x0089	0x3000      	MOVLW      0
0x008A	0x0628      	XORWF      _ballX+1, 0
0x008B	0x1D03      	BTFSS      STATUS, 2
0x008C	0x288F      	GOTO       L__RenderFrame114
0x008D	0x3007      	MOVLW      7
0x008E	0x0627      	XORWF      _ballX, 0
L__RenderFrame114:
0x008F	0x1D03      	BTFSS      STATUS, 2
0x0090	0x2893      	GOTO       L_RenderFrame6
0x0091	0x0829      	MOVF       _ballYState, 0
0x0092	0x04C4      	IORWF      RenderFrame_p1Render_L0, 1
L_RenderFrame6:
;PicPong_Project.c,147 :: 		if (ballX == PLAYER2_COL) p2Render |= ballYState;
0x0093	0x3000      	MOVLW      0
0x0094	0x0628      	XORWF      _ballX+1, 0
0x0095	0x1D03      	BTFSS      STATUS, 2
0x0096	0x2899      	GOTO       L__RenderFrame115
0x0097	0x3002      	MOVLW      2
0x0098	0x0627      	XORWF      _ballX, 0
L__RenderFrame115:
0x0099	0x1D03      	BTFSS      STATUS, 2
0x009A	0x289D      	GOTO       L_RenderFrame7
0x009B	0x0829      	MOVF       _ballYState, 0
0x009C	0x04C5      	IORWF      RenderFrame_p2Render_L0, 1
L_RenderFrame7:
;PicPong_Project.c,149 :: 		ApplyPaddleState(PLAYER1_COL, p1Render);
0x009D	0x3007      	MOVLW      7
0x009E	0x00C7      	MOVWF      FARG_ApplyPaddleState_playerCol
0x009F	0x0844      	MOVF       RenderFrame_p1Render_L0, 0
0x00A0	0x00C8      	MOVWF      FARG_ApplyPaddleState_paddleState
0x00A1	0x201B      	CALL       _ApplyPaddleState
;PicPong_Project.c,150 :: 		ApplyPaddleState(PLAYER2_COL, p2Render);
0x00A2	0x3002      	MOVLW      2
0x00A3	0x00C7      	MOVWF      FARG_ApplyPaddleState_playerCol
0x00A4	0x0845      	MOVF       RenderFrame_p2Render_L0, 0
0x00A5	0x00C8      	MOVWF      FARG_ApplyPaddleState_paddleState
0x00A6	0x201B      	CALL       _ApplyPaddleState
;PicPong_Project.c,152 :: 		if ((ballX != PLAYER1_COL) && (ballX != PLAYER2_COL)) {
0x00A7	0x3000      	MOVLW      0
0x00A8	0x0628      	XORWF      _ballX+1, 0
0x00A9	0x1D03      	BTFSS      STATUS, 2
0x00AA	0x28AD      	GOTO       L__RenderFrame116
0x00AB	0x3007      	MOVLW      7
0x00AC	0x0627      	XORWF      _ballX, 0
L__RenderFrame116:
0x00AD	0x1903      	BTFSC      STATUS, 2
0x00AE	0x28BC      	GOTO       L_RenderFrame10
0x00AF	0x3000      	MOVLW      0
0x00B0	0x0628      	XORWF      _ballX+1, 0
0x00B1	0x1D03      	BTFSS      STATUS, 2
0x00B2	0x28B5      	GOTO       L__RenderFrame117
0x00B3	0x3002      	MOVLW      2
0x00B4	0x0627      	XORWF      _ballX, 0
L__RenderFrame117:
0x00B5	0x1903      	BTFSC      STATUS, 2
0x00B6	0x28BC      	GOTO       L_RenderFrame10
L__RenderFrame102:
;PicPong_Project.c,153 :: 		MAX7219_Send((unsigned char)ballX, ballYState);
0x00B7	0x0827      	MOVF       _ballX, 0
0x00B8	0x00C9      	MOVWF      FARG_MAX7219_Send_regAddr
0x00B9	0x0829      	MOVF       _ballYState, 0
0x00BA	0x00CA      	MOVWF      FARG_MAX7219_Send_regData
0x00BB	0x2010      	CALL       _MAX7219_Send
;PicPong_Project.c,154 :: 		}
L_RenderFrame10:
;PicPong_Project.c,155 :: 		}
L_end_RenderFrame:
0x00BC	0x0008      	RETURN
; end of _RenderFrame
_ReadButton0:
;PicPong_Project.c,171 :: 		unsigned char ReadButton0() { return BUTTON_PRESSED(Player1_up_pin); }
0x00BD	0x1283      	BCF        STATUS, 5
0x00BE	0x1303      	BCF        STATUS, 6
0x00BF	0x01F1      	CLRF       R1
0x00C0	0x1986      	BTFSC      RB3_bit, BitPos(RB3_bit+0)
0x00C1	0x0AF1      	INCF       R1, 1
0x00C2	0x0871      	MOVF       R1, 0
0x00C3	0x3A01      	XORLW      1
0x00C4	0x3001      	MOVLW      1
0x00C5	0x1D03      	BTFSS      STATUS, 2
0x00C6	0x3000      	MOVLW      0
0x00C7	0x00F0      	MOVWF      R0
L_end_ReadButton0:
0x00C8	0x0008      	RETURN
; end of _ReadButton0
_ReadButton2:
;PicPong_Project.c,173 :: 		unsigned char ReadButton2() { return BUTTON_PRESSED(Player2_up_pin); }
0x00C9	0x1283      	BCF        STATUS, 5
0x00CA	0x1303      	BCF        STATUS, 6
0x00CB	0x01F1      	CLRF       R1
0x00CC	0x1886      	BTFSC      RB1_bit, BitPos(RB1_bit+0)
0x00CD	0x0AF1      	INCF       R1, 1
0x00CE	0x0871      	MOVF       R1, 0
0x00CF	0x3A01      	XORLW      1
0x00D0	0x3001      	MOVLW      1
0x00D1	0x1D03      	BTFSS      STATUS, 2
0x00D2	0x3000      	MOVLW      0
0x00D3	0x00F0      	MOVWF      R0
L_end_ReadButton2:
0x00D4	0x0008      	RETURN
; end of _ReadButton2
_UpdateBallPosition:
;PicPong_Project.c,222 :: 		void UpdateBallPosition() {
;PicPong_Project.c,223 :: 		if (ballX == PLAYER2_COL) {
0x00D5	0x3000      	MOVLW      0
0x00D6	0x1283      	BCF        STATUS, 5
0x00D7	0x1303      	BCF        STATUS, 6
0x00D8	0x0628      	XORWF      _ballX+1, 0
0x00D9	0x1D03      	BTFSS      STATUS, 2
0x00DA	0x28DD      	GOTO       L__UpdateBallPosition126
0x00DB	0x3002      	MOVLW      2
0x00DC	0x0627      	XORWF      _ballX, 0
L__UpdateBallPosition126:
0x00DD	0x1D03      	BTFSS      STATUS, 2
0x00DE	0x28ED      	GOTO       L_UpdateBallPosition47
;PicPong_Project.c,224 :: 		if (p2State & ballYState) {
0x00DF	0x0829      	MOVF       _ballYState, 0
0x00E0	0x052A      	ANDWF      _p2State, 0
0x00E1	0x00F0      	MOVWF      R0
0x00E2	0x1903      	BTFSC      STATUS, 2
0x00E3	0x28EC      	GOTO       L_UpdateBallPosition48
;PicPong_Project.c,225 :: 		ballDirX = -ballDirX;
0x00E4	0x0822      	MOVF       _ballDirX, 0
0x00E5	0x3C00      	SUBLW      0
0x00E6	0x00A2      	MOVWF      _ballDirX
0x00E7	0x0823      	MOVF       _ballDirX+1, 0
0x00E8	0x1C03      	BTFSS      STATUS, 0
0x00E9	0x3E01      	ADDLW      1
0x00EA	0x01A3      	CLRF       _ballDirX+1
0x00EB	0x02A3      	SUBWF      _ballDirX+1, 1
;PicPong_Project.c,226 :: 		}
L_UpdateBallPosition48:
;PicPong_Project.c,227 :: 		} else if (ballX == PLAYER1_COL) {
0x00EC	0x2902      	GOTO       L_UpdateBallPosition49
L_UpdateBallPosition47:
0x00ED	0x3000      	MOVLW      0
0x00EE	0x0628      	XORWF      _ballX+1, 0
0x00EF	0x1D03      	BTFSS      STATUS, 2
0x00F0	0x28F3      	GOTO       L__UpdateBallPosition127
0x00F1	0x3007      	MOVLW      7
0x00F2	0x0627      	XORWF      _ballX, 0
L__UpdateBallPosition127:
0x00F3	0x1D03      	BTFSS      STATUS, 2
0x00F4	0x2902      	GOTO       L_UpdateBallPosition50
;PicPong_Project.c,228 :: 		if (p1State & ballYState) {
0x00F5	0x0829      	MOVF       _ballYState, 0
0x00F6	0x0521      	ANDWF      _p1State, 0
0x00F7	0x00F0      	MOVWF      R0
0x00F8	0x1903      	BTFSC      STATUS, 2
0x00F9	0x2902      	GOTO       L_UpdateBallPosition51
;PicPong_Project.c,229 :: 		ballDirX = -ballDirX;
0x00FA	0x0822      	MOVF       _ballDirX, 0
0x00FB	0x3C00      	SUBLW      0
0x00FC	0x00A2      	MOVWF      _ballDirX
0x00FD	0x0823      	MOVF       _ballDirX+1, 0
0x00FE	0x1C03      	BTFSS      STATUS, 0
0x00FF	0x3E01      	ADDLW      1
0x0100	0x01A3      	CLRF       _ballDirX+1
0x0101	0x02A3      	SUBWF      _ballDirX+1, 1
;PicPong_Project.c,230 :: 		}
L_UpdateBallPosition51:
;PicPong_Project.c,231 :: 		}
L_UpdateBallPosition50:
L_UpdateBallPosition49:
;PicPong_Project.c,233 :: 		ballX += ballDirX;
0x0102	0x0822      	MOVF       _ballDirX, 0
0x0103	0x07A7      	ADDWF      _ballX, 1
0x0104	0x0823      	MOVF       _ballDirX+1, 0
0x0105	0x1803      	BTFSC      STATUS, 0
0x0106	0x3E01      	ADDLW      1
0x0107	0x07A8      	ADDWF      _ballX+1, 1
;PicPong_Project.c,235 :: 		if ((ballYState & Row0) == Row0) {
0x0108	0x3001      	MOVLW      1
0x0109	0x0529      	ANDWF      _ballYState, 0
0x010A	0x00F1      	MOVWF      R1
0x010B	0x0871      	MOVF       R1, 0
0x010C	0x3A01      	XORLW      1
0x010D	0x1D03      	BTFSS      STATUS, 2
0x010E	0x2916      	GOTO       L_UpdateBallPosition52
;PicPong_Project.c,236 :: 		ballYState = Row1;
0x010F	0x3002      	MOVLW      2
0x0110	0x00A9      	MOVWF      _ballYState
;PicPong_Project.c,237 :: 		ballDirY = 1;
0x0111	0x3001      	MOVLW      1
0x0112	0x00A5      	MOVWF      _ballDirY
0x0113	0x3000      	MOVLW      0
0x0114	0x00A6      	MOVWF      _ballDirY+1
;PicPong_Project.c,238 :: 		} else if ((ballYState & Row1) == Row1) {
0x0115	0x29AD      	GOTO       L_UpdateBallPosition53
L_UpdateBallPosition52:
0x0116	0x3002      	MOVLW      2
0x0117	0x0529      	ANDWF      _ballYState, 0
0x0118	0x00F1      	MOVWF      R1
0x0119	0x0871      	MOVF       R1, 0
0x011A	0x3A02      	XORLW      2
0x011B	0x1D03      	BTFSS      STATUS, 2
0x011C	0x292D      	GOTO       L_UpdateBallPosition54
;PicPong_Project.c,239 :: 		ballYState = (ballDirY == 1) ? Row2 : Row0;
0x011D	0x3000      	MOVLW      0
0x011E	0x0626      	XORWF      _ballDirY+1, 0
0x011F	0x1D03      	BTFSS      STATUS, 2
0x0120	0x2923      	GOTO       L__UpdateBallPosition128
0x0121	0x3001      	MOVLW      1
0x0122	0x0625      	XORWF      _ballDirY, 0
L__UpdateBallPosition128:
0x0123	0x1D03      	BTFSS      STATUS, 2
0x0124	0x2928      	GOTO       L_UpdateBallPosition55
0x0125	0x3004      	MOVLW      4
0x0126	0x00BD      	MOVWF      ?FLOC___UpdateBallPositionT54
0x0127	0x292A      	GOTO       L_UpdateBallPosition56
L_UpdateBallPosition55:
0x0128	0x3001      	MOVLW      1
0x0129	0x00BD      	MOVWF      ?FLOC___UpdateBallPositionT54
L_UpdateBallPosition56:
0x012A	0x083D      	MOVF       ?FLOC___UpdateBallPositionT54, 0
0x012B	0x00A9      	MOVWF      _ballYState
;PicPong_Project.c,240 :: 		} else if ((ballYState & Row2) == Row2) {
0x012C	0x29AD      	GOTO       L_UpdateBallPosition57
L_UpdateBallPosition54:
0x012D	0x3004      	MOVLW      4
0x012E	0x0529      	ANDWF      _ballYState, 0
0x012F	0x00F1      	MOVWF      R1
0x0130	0x0871      	MOVF       R1, 0
0x0131	0x3A04      	XORLW      4
0x0132	0x1D03      	BTFSS      STATUS, 2
0x0133	0x2944      	GOTO       L_UpdateBallPosition58
;PicPong_Project.c,241 :: 		ballYState = (ballDirY == 1) ? Row3 : Row1;
0x0134	0x3000      	MOVLW      0
0x0135	0x0626      	XORWF      _ballDirY+1, 0
0x0136	0x1D03      	BTFSS      STATUS, 2
0x0137	0x293A      	GOTO       L__UpdateBallPosition129
0x0138	0x3001      	MOVLW      1
0x0139	0x0625      	XORWF      _ballDirY, 0
L__UpdateBallPosition129:
0x013A	0x1D03      	BTFSS      STATUS, 2
0x013B	0x293F      	GOTO       L_UpdateBallPosition59
0x013C	0x3008      	MOVLW      8
0x013D	0x00BE      	MOVWF      ?FLOC___UpdateBallPositionT58
0x013E	0x2941      	GOTO       L_UpdateBallPosition60
L_UpdateBallPosition59:
0x013F	0x3002      	MOVLW      2
0x0140	0x00BE      	MOVWF      ?FLOC___UpdateBallPositionT58
L_UpdateBallPosition60:
0x0141	0x083E      	MOVF       ?FLOC___UpdateBallPositionT58, 0
0x0142	0x00A9      	MOVWF      _ballYState
;PicPong_Project.c,242 :: 		} else if ((ballYState & Row3) == Row3) {
0x0143	0x29AD      	GOTO       L_UpdateBallPosition61
L_UpdateBallPosition58:
0x0144	0x3008      	MOVLW      8
0x0145	0x0529      	ANDWF      _ballYState, 0
0x0146	0x00F1      	MOVWF      R1
0x0147	0x0871      	MOVF       R1, 0
0x0148	0x3A08      	XORLW      8
0x0149	0x1D03      	BTFSS      STATUS, 2
0x014A	0x295B      	GOTO       L_UpdateBallPosition62
;PicPong_Project.c,243 :: 		ballYState = (ballDirY == 1) ? Row4 : Row2;
0x014B	0x3000      	MOVLW      0
0x014C	0x0626      	XORWF      _ballDirY+1, 0
0x014D	0x1D03      	BTFSS      STATUS, 2
0x014E	0x2951      	GOTO       L__UpdateBallPosition130
0x014F	0x3001      	MOVLW      1
0x0150	0x0625      	XORWF      _ballDirY, 0
L__UpdateBallPosition130:
0x0151	0x1D03      	BTFSS      STATUS, 2
0x0152	0x2956      	GOTO       L_UpdateBallPosition63
0x0153	0x3010      	MOVLW      16
0x0154	0x00BF      	MOVWF      ?FLOC___UpdateBallPositionT62
0x0155	0x2958      	GOTO       L_UpdateBallPosition64
L_UpdateBallPosition63:
0x0156	0x3004      	MOVLW      4
0x0157	0x00BF      	MOVWF      ?FLOC___UpdateBallPositionT62
L_UpdateBallPosition64:
0x0158	0x083F      	MOVF       ?FLOC___UpdateBallPositionT62, 0
0x0159	0x00A9      	MOVWF      _ballYState
;PicPong_Project.c,244 :: 		} else if ((ballYState & Row4) == Row4) {
0x015A	0x29AD      	GOTO       L_UpdateBallPosition65
L_UpdateBallPosition62:
0x015B	0x3010      	MOVLW      16
0x015C	0x0529      	ANDWF      _ballYState, 0
0x015D	0x00F1      	MOVWF      R1
0x015E	0x0871      	MOVF       R1, 0
0x015F	0x3A10      	XORLW      16
0x0160	0x1D03      	BTFSS      STATUS, 2
0x0161	0x2972      	GOTO       L_UpdateBallPosition66
;PicPong_Project.c,245 :: 		ballYState = (ballDirY == 1) ? Row5 : Row3;
0x0162	0x3000      	MOVLW      0
0x0163	0x0626      	XORWF      _ballDirY+1, 0
0x0164	0x1D03      	BTFSS      STATUS, 2
0x0165	0x2968      	GOTO       L__UpdateBallPosition131
0x0166	0x3001      	MOVLW      1
0x0167	0x0625      	XORWF      _ballDirY, 0
L__UpdateBallPosition131:
0x0168	0x1D03      	BTFSS      STATUS, 2
0x0169	0x296D      	GOTO       L_UpdateBallPosition67
0x016A	0x3020      	MOVLW      32
0x016B	0x00C0      	MOVWF      ?FLOC___UpdateBallPositionT66
0x016C	0x296F      	GOTO       L_UpdateBallPosition68
L_UpdateBallPosition67:
0x016D	0x3008      	MOVLW      8
0x016E	0x00C0      	MOVWF      ?FLOC___UpdateBallPositionT66
L_UpdateBallPosition68:
0x016F	0x0840      	MOVF       ?FLOC___UpdateBallPositionT66, 0
0x0170	0x00A9      	MOVWF      _ballYState
;PicPong_Project.c,246 :: 		} else if ((ballYState & Row5) == Row5) {
0x0171	0x29AD      	GOTO       L_UpdateBallPosition69
L_UpdateBallPosition66:
0x0172	0x3020      	MOVLW      32
0x0173	0x0529      	ANDWF      _ballYState, 0
0x0174	0x00F1      	MOVWF      R1
0x0175	0x0871      	MOVF       R1, 0
0x0176	0x3A20      	XORLW      32
0x0177	0x1D03      	BTFSS      STATUS, 2
0x0178	0x2989      	GOTO       L_UpdateBallPosition70
;PicPong_Project.c,247 :: 		ballYState = (ballDirY == 1) ? Row6 : Row4;
0x0179	0x3000      	MOVLW      0
0x017A	0x0626      	XORWF      _ballDirY+1, 0
0x017B	0x1D03      	BTFSS      STATUS, 2
0x017C	0x297F      	GOTO       L__UpdateBallPosition132
0x017D	0x3001      	MOVLW      1
0x017E	0x0625      	XORWF      _ballDirY, 0
L__UpdateBallPosition132:
0x017F	0x1D03      	BTFSS      STATUS, 2
0x0180	0x2984      	GOTO       L_UpdateBallPosition71
0x0181	0x3040      	MOVLW      64
0x0182	0x00C1      	MOVWF      ?FLOC___UpdateBallPositionT70
0x0183	0x2986      	GOTO       L_UpdateBallPosition72
L_UpdateBallPosition71:
0x0184	0x3010      	MOVLW      16
0x0185	0x00C1      	MOVWF      ?FLOC___UpdateBallPositionT70
L_UpdateBallPosition72:
0x0186	0x0841      	MOVF       ?FLOC___UpdateBallPositionT70, 0
0x0187	0x00A9      	MOVWF      _ballYState
;PicPong_Project.c,248 :: 		} else if ((ballYState & Row6) == Row6) {
0x0188	0x29AD      	GOTO       L_UpdateBallPosition73
L_UpdateBallPosition70:
0x0189	0x3040      	MOVLW      64
0x018A	0x0529      	ANDWF      _ballYState, 0
0x018B	0x00F1      	MOVWF      R1
0x018C	0x0871      	MOVF       R1, 0
0x018D	0x3A40      	XORLW      64
0x018E	0x1D03      	BTFSS      STATUS, 2
0x018F	0x29A0      	GOTO       L_UpdateBallPosition74
;PicPong_Project.c,249 :: 		ballYState = (ballDirY == 1) ? Row7 : Row5;
0x0190	0x3000      	MOVLW      0
0x0191	0x0626      	XORWF      _ballDirY+1, 0
0x0192	0x1D03      	BTFSS      STATUS, 2
0x0193	0x2996      	GOTO       L__UpdateBallPosition133
0x0194	0x3001      	MOVLW      1
0x0195	0x0625      	XORWF      _ballDirY, 0
L__UpdateBallPosition133:
0x0196	0x1D03      	BTFSS      STATUS, 2
0x0197	0x299B      	GOTO       L_UpdateBallPosition75
0x0198	0x3080      	MOVLW      128
0x0199	0x00C2      	MOVWF      ?FLOC___UpdateBallPositionT74
0x019A	0x299D      	GOTO       L_UpdateBallPosition76
L_UpdateBallPosition75:
0x019B	0x3020      	MOVLW      32
0x019C	0x00C2      	MOVWF      ?FLOC___UpdateBallPositionT74
L_UpdateBallPosition76:
0x019D	0x0842      	MOVF       ?FLOC___UpdateBallPositionT74, 0
0x019E	0x00A9      	MOVWF      _ballYState
;PicPong_Project.c,250 :: 		} else if ((ballYState & Row7) == Row7) {
0x019F	0x29AD      	GOTO       L_UpdateBallPosition77
L_UpdateBallPosition74:
0x01A0	0x3080      	MOVLW      128
0x01A1	0x0529      	ANDWF      _ballYState, 0
0x01A2	0x00F1      	MOVWF      R1
0x01A3	0x0871      	MOVF       R1, 0
0x01A4	0x3A80      	XORLW      128
0x01A5	0x1D03      	BTFSS      STATUS, 2
0x01A6	0x29AD      	GOTO       L_UpdateBallPosition78
;PicPong_Project.c,251 :: 		ballYState = Row6;
0x01A7	0x3040      	MOVLW      64
0x01A8	0x00A9      	MOVWF      _ballYState
;PicPong_Project.c,252 :: 		ballDirY = -1;
0x01A9	0x30FF      	MOVLW      255
0x01AA	0x00A5      	MOVWF      _ballDirY
0x01AB	0x30FF      	MOVLW      255
0x01AC	0x00A6      	MOVWF      _ballDirY+1
;PicPong_Project.c,253 :: 		}
L_UpdateBallPosition78:
L_UpdateBallPosition77:
L_UpdateBallPosition73:
L_UpdateBallPosition69:
L_UpdateBallPosition65:
L_UpdateBallPosition61:
L_UpdateBallPosition57:
L_UpdateBallPosition53:
;PicPong_Project.c,255 :: 		if ((ballX == 1) || (ballX == 8)) {
0x01AD	0x3000      	MOVLW      0
0x01AE	0x0628      	XORWF      _ballX+1, 0
0x01AF	0x1D03      	BTFSS      STATUS, 2
0x01B0	0x29B3      	GOTO       L__UpdateBallPosition134
0x01B1	0x3001      	MOVLW      1
0x01B2	0x0627      	XORWF      _ballX, 0
L__UpdateBallPosition134:
0x01B3	0x1903      	BTFSC      STATUS, 2
0x01B4	0x29BE      	GOTO       L__UpdateBallPosition103
0x01B5	0x3000      	MOVLW      0
0x01B6	0x0628      	XORWF      _ballX+1, 0
0x01B7	0x1D03      	BTFSS      STATUS, 2
0x01B8	0x29BB      	GOTO       L__UpdateBallPosition135
0x01B9	0x3008      	MOVLW      8
0x01BA	0x0627      	XORWF      _ballX, 0
L__UpdateBallPosition135:
0x01BB	0x1903      	BTFSC      STATUS, 2
0x01BC	0x29BE      	GOTO       L__UpdateBallPosition103
0x01BD	0x29C0      	GOTO       L_UpdateBallPosition81
L__UpdateBallPosition103:
;PicPong_Project.c,256 :: 		isScore = true;
0x01BE	0x3001      	MOVLW      1
0x01BF	0x00A4      	MOVWF      _isScore
;PicPong_Project.c,257 :: 		}
L_UpdateBallPosition81:
;PicPong_Project.c,259 :: 		RenderFrame();
0x01C0	0x2077      	CALL       _RenderFrame
;PicPong_Project.c,260 :: 		}
L_end_UpdateBallPosition:
0x01C1	0x0008      	RETURN
; end of _UpdateBallPosition
_InitGame:
;PicPong_Project.c,157 :: 		void InitGame() {
;PicPong_Project.c,158 :: 		p1State = STATE_3;
0x01C2	0x303C      	MOVLW      60
0x01C3	0x1283      	BCF        STATUS, 5
0x01C4	0x1303      	BCF        STATUS, 6
0x01C5	0x00A1      	MOVWF      _p1State
;PicPong_Project.c,159 :: 		p2State = STATE_3;
0x01C6	0x303C      	MOVLW      60
0x01C7	0x00AA      	MOVWF      _p2State
;PicPong_Project.c,160 :: 		ballX = 5;
0x01C8	0x3005      	MOVLW      5
0x01C9	0x00A7      	MOVWF      _ballX
0x01CA	0x3000      	MOVLW      0
0x01CB	0x00A8      	MOVWF      _ballX+1
;PicPong_Project.c,161 :: 		ballYState = Row4;
0x01CC	0x3010      	MOVLW      16
0x01CD	0x00A9      	MOVWF      _ballYState
;PicPong_Project.c,162 :: 		ballDirX = -1;
0x01CE	0x30FF      	MOVLW      255
0x01CF	0x00A2      	MOVWF      _ballDirX
0x01D0	0x30FF      	MOVLW      255
0x01D1	0x00A3      	MOVWF      _ballDirX+1
;PicPong_Project.c,163 :: 		ballDirY = 1;
0x01D2	0x3001      	MOVLW      1
0x01D3	0x00A5      	MOVWF      _ballDirY
0x01D4	0x3000      	MOVLW      0
0x01D5	0x00A6      	MOVWF      _ballDirY+1
;PicPong_Project.c,164 :: 		isScore = false;
0x01D6	0x01A4      	CLRF       _isScore
;PicPong_Project.c,166 :: 		MAX7219_Clear();
0x01D7	0x2068      	CALL       _MAX7219_Clear
;PicPong_Project.c,167 :: 		RenderFrame();
0x01D8	0x2077      	CALL       _RenderFrame
;PicPong_Project.c,168 :: 		}
L_end_InitGame:
0x01D9	0x0008      	RETURN
; end of _InitGame
_MAX7219_Config:
;PicPong_Project.c,103 :: 		void MAX7219_Config() {
;PicPong_Project.c,104 :: 		MAX7219_Send(DISPLAY_TEST_REG, DISABLE_TEST);
0x01DA	0x300F      	MOVLW      15
0x01DB	0x1283      	BCF        STATUS, 5
0x01DC	0x1303      	BCF        STATUS, 6
0x01DD	0x00C9      	MOVWF      FARG_MAX7219_Send_regAddr
0x01DE	0x01CA      	CLRF       FARG_MAX7219_Send_regData
0x01DF	0x2010      	CALL       _MAX7219_Send
;PicPong_Project.c,105 :: 		MAX7219_Send(SHUTDOWN_REG, NORMAL_OPERATION);
0x01E0	0x300C      	MOVLW      12
0x01E1	0x00C9      	MOVWF      FARG_MAX7219_Send_regAddr
0x01E2	0x3001      	MOVLW      1
0x01E3	0x00CA      	MOVWF      FARG_MAX7219_Send_regData
0x01E4	0x2010      	CALL       _MAX7219_Send
;PicPong_Project.c,106 :: 		MAX7219_Send(DECODE_MODE_REG, DISABLE_DECODE);
0x01E5	0x3009      	MOVLW      9
0x01E6	0x00C9      	MOVWF      FARG_MAX7219_Send_regAddr
0x01E7	0x01CA      	CLRF       FARG_MAX7219_Send_regData
0x01E8	0x2010      	CALL       _MAX7219_Send
;PicPong_Project.c,107 :: 		MAX7219_Send(INTENSITY_REG, BRIGHTNESS);
0x01E9	0x300A      	MOVLW      10
0x01EA	0x00C9      	MOVWF      FARG_MAX7219_Send_regAddr
0x01EB	0x3008      	MOVLW      8
0x01EC	0x00CA      	MOVWF      FARG_MAX7219_Send_regData
0x01ED	0x2010      	CALL       _MAX7219_Send
;PicPong_Project.c,108 :: 		MAX7219_Send(SCAN_LIMIT_REG, SCAN_ALL_DIGITS);
0x01EE	0x300B      	MOVLW      11
0x01EF	0x00C9      	MOVWF      FARG_MAX7219_Send_regAddr
0x01F0	0x3007      	MOVLW      7
0x01F1	0x00CA      	MOVWF      FARG_MAX7219_Send_regData
0x01F2	0x2010      	CALL       _MAX7219_Send
;PicPong_Project.c,109 :: 		}
L_end_MAX7219_Config:
0x01F3	0x0008      	RETURN
; end of _MAX7219_Config
___CC2DW:
;__Lib_System.c,134 :: 		
;__Lib_System.c,137 :: 		
_CC2D_Loop1:
;__Lib_System.c,139 :: 		
0x01F4	0x2023      	CALL       _____DoICP
0x01F5	0x118A      	BCF        PCLATH, 3
0x01F6	0x120A      	BCF        PCLATH, 4
;__Lib_System.c,141 :: 		
0x01F7	0x0080      	MOVWF      INDF
;__Lib_System.c,142 :: 		
0x01F8	0x0A84      	INCF       FSR, 1
;__Lib_System.c,143 :: 		
0x01F9	0x0AAF      	INCF       ___DoICPAddr, 1
;__Lib_System.c,145 :: 		
0x01FA	0x1903      	BTFSC      STATUS, 2
;__Lib_System.c,146 :: 		
0x01FB	0x0AB0      	INCF       ___DoICPAddr+1, 1
;__Lib_System.c,147 :: 		
0x01FC	0x03F0      	DECF       R0, 1
;__Lib_System.c,149 :: 		
0x01FD	0x1D03      	BTFSS      STATUS, 2
;__Lib_System.c,150 :: 		
0x01FE	0x29F4      	GOTO       _CC2D_Loop1
;__Lib_System.c,152 :: 		
L_end___CC2DW:
0x01FF	0x0008      	RETURN
; end of ___CC2DW
_ReadButton3:
;PicPong_Project.c,174 :: 		unsigned char ReadButton3() { return BUTTON_PRESSED(Player2_down_pin); }
0x0200	0x1283      	BCF        STATUS, 5
0x0201	0x1303      	BCF        STATUS, 6
0x0202	0x01F1      	CLRF       R1
0x0203	0x1806      	BTFSC      RB0_bit, BitPos(RB0_bit+0)
0x0204	0x0AF1      	INCF       R1, 1
0x0205	0x0871      	MOVF       R1, 0
0x0206	0x3A01      	XORLW      1
0x0207	0x3001      	MOVLW      1
0x0208	0x1D03      	BTFSS      STATUS, 2
0x0209	0x3000      	MOVLW      0
0x020A	0x00F0      	MOVWF      R0
L_end_ReadButton3:
0x020B	0x0008      	RETURN
; end of _ReadButton3
_ButtonGoUp:
;PicPong_Project.c,177 :: 		void ButtonGoUp(unsigned char player) {
;PicPong_Project.c,178 :: 		if (player == 1) {
0x020C	0x1283      	BCF        STATUS, 5
0x020D	0x1303      	BCF        STATUS, 6
0x020E	0x083D      	MOVF       FARG_ButtonGoUp_player, 0
0x020F	0x3A01      	XORLW      1
0x0210	0x1D03      	BTFSS      STATUS, 2
0x0211	0x2A3B      	GOTO       L_ButtonGoUp11
;PicPong_Project.c,179 :: 		switch (p1State) {
0x0212	0x2A25      	GOTO       L_ButtonGoUp12
;PicPong_Project.c,180 :: 		case STATE_1: p1State = STATE_2; break;
L_ButtonGoUp14:
0x0213	0x301E      	MOVLW      30
0x0214	0x00A1      	MOVWF      _p1State
0x0215	0x2A3A      	GOTO       L_ButtonGoUp13
;PicPong_Project.c,181 :: 		case STATE_2: p1State = STATE_3; break;
L_ButtonGoUp15:
0x0216	0x303C      	MOVLW      60
0x0217	0x00A1      	MOVWF      _p1State
0x0218	0x2A3A      	GOTO       L_ButtonGoUp13
;PicPong_Project.c,182 :: 		case STATE_3: p1State = STATE_4; break;
L_ButtonGoUp16:
0x0219	0x3078      	MOVLW      120
0x021A	0x00A1      	MOVWF      _p1State
0x021B	0x2A3A      	GOTO       L_ButtonGoUp13
;PicPong_Project.c,183 :: 		case STATE_4: p1State = STATE_5; break;
L_ButtonGoUp17:
0x021C	0x30F0      	MOVLW      240
0x021D	0x00A1      	MOVWF      _p1State
0x021E	0x2A3A      	GOTO       L_ButtonGoUp13
;PicPong_Project.c,184 :: 		case STATE_5: p1State = STATE_5; break;
L_ButtonGoUp18:
0x021F	0x30F0      	MOVLW      240
0x0220	0x00A1      	MOVWF      _p1State
0x0221	0x2A3A      	GOTO       L_ButtonGoUp13
;PicPong_Project.c,185 :: 		default:      p1State = STATE_3; break;
L_ButtonGoUp19:
0x0222	0x303C      	MOVLW      60
0x0223	0x00A1      	MOVWF      _p1State
0x0224	0x2A3A      	GOTO       L_ButtonGoUp13
;PicPong_Project.c,186 :: 		}
L_ButtonGoUp12:
0x0225	0x0821      	MOVF       _p1State, 0
0x0226	0x3A0F      	XORLW      15
0x0227	0x1903      	BTFSC      STATUS, 2
0x0228	0x2A13      	GOTO       L_ButtonGoUp14
0x0229	0x0821      	MOVF       _p1State, 0
0x022A	0x3A1E      	XORLW      30
0x022B	0x1903      	BTFSC      STATUS, 2
0x022C	0x2A16      	GOTO       L_ButtonGoUp15
0x022D	0x0821      	MOVF       _p1State, 0
0x022E	0x3A3C      	XORLW      60
0x022F	0x1903      	BTFSC      STATUS, 2
0x0230	0x2A19      	GOTO       L_ButtonGoUp16
0x0231	0x0821      	MOVF       _p1State, 0
0x0232	0x3A78      	XORLW      120
0x0233	0x1903      	BTFSC      STATUS, 2
0x0234	0x2A1C      	GOTO       L_ButtonGoUp17
0x0235	0x0821      	MOVF       _p1State, 0
0x0236	0x3AF0      	XORLW      240
0x0237	0x1903      	BTFSC      STATUS, 2
0x0238	0x2A1F      	GOTO       L_ButtonGoUp18
0x0239	0x2A22      	GOTO       L_ButtonGoUp19
L_ButtonGoUp13:
;PicPong_Project.c,187 :: 		} else {
0x023A	0x2A63      	GOTO       L_ButtonGoUp20
L_ButtonGoUp11:
;PicPong_Project.c,188 :: 		switch (p2State) {
0x023B	0x2A4E      	GOTO       L_ButtonGoUp21
;PicPong_Project.c,189 :: 		case STATE_1: p2State = STATE_2; break;
L_ButtonGoUp23:
0x023C	0x301E      	MOVLW      30
0x023D	0x00AA      	MOVWF      _p2State
0x023E	0x2A63      	GOTO       L_ButtonGoUp22
;PicPong_Project.c,190 :: 		case STATE_2: p2State = STATE_3; break;
L_ButtonGoUp24:
0x023F	0x303C      	MOVLW      60
0x0240	0x00AA      	MOVWF      _p2State
0x0241	0x2A63      	GOTO       L_ButtonGoUp22
;PicPong_Project.c,191 :: 		case STATE_3: p2State = STATE_4; break;
L_ButtonGoUp25:
0x0242	0x3078      	MOVLW      120
0x0243	0x00AA      	MOVWF      _p2State
0x0244	0x2A63      	GOTO       L_ButtonGoUp22
;PicPong_Project.c,192 :: 		case STATE_4: p2State = STATE_5; break;
L_ButtonGoUp26:
0x0245	0x30F0      	MOVLW      240
0x0246	0x00AA      	MOVWF      _p2State
0x0247	0x2A63      	GOTO       L_ButtonGoUp22
;PicPong_Project.c,193 :: 		case STATE_5: p2State = STATE_5; break;
L_ButtonGoUp27:
0x0248	0x30F0      	MOVLW      240
0x0249	0x00AA      	MOVWF      _p2State
0x024A	0x2A63      	GOTO       L_ButtonGoUp22
;PicPong_Project.c,194 :: 		default:      p2State = STATE_3; break;
L_ButtonGoUp28:
0x024B	0x303C      	MOVLW      60
0x024C	0x00AA      	MOVWF      _p2State
0x024D	0x2A63      	GOTO       L_ButtonGoUp22
;PicPong_Project.c,195 :: 		}
L_ButtonGoUp21:
0x024E	0x082A      	MOVF       _p2State, 0
0x024F	0x3A0F      	XORLW      15
0x0250	0x1903      	BTFSC      STATUS, 2
0x0251	0x2A3C      	GOTO       L_ButtonGoUp23
0x0252	0x082A      	MOVF       _p2State, 0
0x0253	0x3A1E      	XORLW      30
0x0254	0x1903      	BTFSC      STATUS, 2
0x0255	0x2A3F      	GOTO       L_ButtonGoUp24
0x0256	0x082A      	MOVF       _p2State, 0
0x0257	0x3A3C      	XORLW      60
0x0258	0x1903      	BTFSC      STATUS, 2
0x0259	0x2A42      	GOTO       L_ButtonGoUp25
0x025A	0x082A      	MOVF       _p2State, 0
0x025B	0x3A78      	XORLW      120
0x025C	0x1903      	BTFSC      STATUS, 2
0x025D	0x2A45      	GOTO       L_ButtonGoUp26
0x025E	0x082A      	MOVF       _p2State, 0
0x025F	0x3AF0      	XORLW      240
0x0260	0x1903      	BTFSC      STATUS, 2
0x0261	0x2A48      	GOTO       L_ButtonGoUp27
0x0262	0x2A4B      	GOTO       L_ButtonGoUp28
L_ButtonGoUp22:
;PicPong_Project.c,196 :: 		}
L_ButtonGoUp20:
;PicPong_Project.c,197 :: 		}
L_end_ButtonGoUp:
0x0263	0x0008      	RETURN
; end of _ButtonGoUp
_ButtonGoDown:
;PicPong_Project.c,199 :: 		void ButtonGoDown(unsigned char player) {
;PicPong_Project.c,200 :: 		if (player == 1) {
0x0264	0x1283      	BCF        STATUS, 5
0x0265	0x1303      	BCF        STATUS, 6
0x0266	0x083D      	MOVF       FARG_ButtonGoDown_player, 0
0x0267	0x3A01      	XORLW      1
0x0268	0x1D03      	BTFSS      STATUS, 2
0x0269	0x2A93      	GOTO       L_ButtonGoDown29
;PicPong_Project.c,201 :: 		switch (p1State) {
0x026A	0x2A7D      	GOTO       L_ButtonGoDown30
;PicPong_Project.c,202 :: 		case STATE_1: p1State = STATE_1; break;
L_ButtonGoDown32:
0x026B	0x300F      	MOVLW      15
0x026C	0x00A1      	MOVWF      _p1State
0x026D	0x2A92      	GOTO       L_ButtonGoDown31
;PicPong_Project.c,203 :: 		case STATE_2: p1State = STATE_1; break;
L_ButtonGoDown33:
0x026E	0x300F      	MOVLW      15
0x026F	0x00A1      	MOVWF      _p1State
0x0270	0x2A92      	GOTO       L_ButtonGoDown31
;PicPong_Project.c,204 :: 		case STATE_3: p1State = STATE_2; break;
L_ButtonGoDown34:
0x0271	0x301E      	MOVLW      30
0x0272	0x00A1      	MOVWF      _p1State
0x0273	0x2A92      	GOTO       L_ButtonGoDown31
;PicPong_Project.c,205 :: 		case STATE_4: p1State = STATE_3; break;
L_ButtonGoDown35:
0x0274	0x303C      	MOVLW      60
0x0275	0x00A1      	MOVWF      _p1State
0x0276	0x2A92      	GOTO       L_ButtonGoDown31
;PicPong_Project.c,206 :: 		case STATE_5: p1State = STATE_4; break;
L_ButtonGoDown36:
0x0277	0x3078      	MOVLW      120
0x0278	0x00A1      	MOVWF      _p1State
0x0279	0x2A92      	GOTO       L_ButtonGoDown31
;PicPong_Project.c,207 :: 		default:      p1State = STATE_3; break;
L_ButtonGoDown37:
0x027A	0x303C      	MOVLW      60
0x027B	0x00A1      	MOVWF      _p1State
0x027C	0x2A92      	GOTO       L_ButtonGoDown31
;PicPong_Project.c,208 :: 		}
L_ButtonGoDown30:
0x027D	0x0821      	MOVF       _p1State, 0
0x027E	0x3A0F      	XORLW      15
0x027F	0x1903      	BTFSC      STATUS, 2
0x0280	0x2A6B      	GOTO       L_ButtonGoDown32
0x0281	0x0821      	MOVF       _p1State, 0
0x0282	0x3A1E      	XORLW      30
0x0283	0x1903      	BTFSC      STATUS, 2
0x0284	0x2A6E      	GOTO       L_ButtonGoDown33
0x0285	0x0821      	MOVF       _p1State, 0
0x0286	0x3A3C      	XORLW      60
0x0287	0x1903      	BTFSC      STATUS, 2
0x0288	0x2A71      	GOTO       L_ButtonGoDown34
0x0289	0x0821      	MOVF       _p1State, 0
0x028A	0x3A78      	XORLW      120
0x028B	0x1903      	BTFSC      STATUS, 2
0x028C	0x2A74      	GOTO       L_ButtonGoDown35
0x028D	0x0821      	MOVF       _p1State, 0
0x028E	0x3AF0      	XORLW      240
0x028F	0x1903      	BTFSC      STATUS, 2
0x0290	0x2A77      	GOTO       L_ButtonGoDown36
0x0291	0x2A7A      	GOTO       L_ButtonGoDown37
L_ButtonGoDown31:
;PicPong_Project.c,209 :: 		} else {
0x0292	0x2ABB      	GOTO       L_ButtonGoDown38
L_ButtonGoDown29:
;PicPong_Project.c,210 :: 		switch (p2State) {
0x0293	0x2AA6      	GOTO       L_ButtonGoDown39
;PicPong_Project.c,211 :: 		case STATE_1: p2State = STATE_1; break;
L_ButtonGoDown41:
0x0294	0x300F      	MOVLW      15
0x0295	0x00AA      	MOVWF      _p2State
0x0296	0x2ABB      	GOTO       L_ButtonGoDown40
;PicPong_Project.c,212 :: 		case STATE_2: p2State = STATE_1; break;
L_ButtonGoDown42:
0x0297	0x300F      	MOVLW      15
0x0298	0x00AA      	MOVWF      _p2State
0x0299	0x2ABB      	GOTO       L_ButtonGoDown40
;PicPong_Project.c,213 :: 		case STATE_3: p2State = STATE_2; break;
L_ButtonGoDown43:
0x029A	0x301E      	MOVLW      30
0x029B	0x00AA      	MOVWF      _p2State
0x029C	0x2ABB      	GOTO       L_ButtonGoDown40
;PicPong_Project.c,214 :: 		case STATE_4: p2State = STATE_3; break;
L_ButtonGoDown44:
0x029D	0x303C      	MOVLW      60
0x029E	0x00AA      	MOVWF      _p2State
0x029F	0x2ABB      	GOTO       L_ButtonGoDown40
;PicPong_Project.c,215 :: 		case STATE_5: p2State = STATE_4; break;
L_ButtonGoDown45:
0x02A0	0x3078      	MOVLW      120
0x02A1	0x00AA      	MOVWF      _p2State
0x02A2	0x2ABB      	GOTO       L_ButtonGoDown40
;PicPong_Project.c,216 :: 		default:      p2State = STATE_3; break;
L_ButtonGoDown46:
0x02A3	0x303C      	MOVLW      60
0x02A4	0x00AA      	MOVWF      _p2State
0x02A5	0x2ABB      	GOTO       L_ButtonGoDown40
;PicPong_Project.c,217 :: 		}
L_ButtonGoDown39:
0x02A6	0x082A      	MOVF       _p2State, 0
0x02A7	0x3A0F      	XORLW      15
0x02A8	0x1903      	BTFSC      STATUS, 2
0x02A9	0x2A94      	GOTO       L_ButtonGoDown41
0x02AA	0x082A      	MOVF       _p2State, 0
0x02AB	0x3A1E      	XORLW      30
0x02AC	0x1903      	BTFSC      STATUS, 2
0x02AD	0x2A97      	GOTO       L_ButtonGoDown42
0x02AE	0x082A      	MOVF       _p2State, 0
0x02AF	0x3A3C      	XORLW      60
0x02B0	0x1903      	BTFSC      STATUS, 2
0x02B1	0x2A9A      	GOTO       L_ButtonGoDown43
0x02B2	0x082A      	MOVF       _p2State, 0
0x02B3	0x3A78      	XORLW      120
0x02B4	0x1903      	BTFSC      STATUS, 2
0x02B5	0x2A9D      	GOTO       L_ButtonGoDown44
0x02B6	0x082A      	MOVF       _p2State, 0
0x02B7	0x3AF0      	XORLW      240
0x02B8	0x1903      	BTFSC      STATUS, 2
0x02B9	0x2AA0      	GOTO       L_ButtonGoDown45
0x02BA	0x2AA3      	GOTO       L_ButtonGoDown46
L_ButtonGoDown40:
;PicPong_Project.c,218 :: 		}
L_ButtonGoDown38:
;PicPong_Project.c,219 :: 		}
L_end_ButtonGoDown:
0x02BB	0x0008      	RETURN
; end of _ButtonGoDown
_ReadButton1:
;PicPong_Project.c,172 :: 		unsigned char ReadButton1() { return BUTTON_PRESSED(Player1_down_pin); }
0x02BC	0x1283      	BCF        STATUS, 5
0x02BD	0x1303      	BCF        STATUS, 6
0x02BE	0x01F1      	CLRF       R1
0x02BF	0x1906      	BTFSC      RB2_bit, BitPos(RB2_bit+0)
0x02C0	0x0AF1      	INCF       R1, 1
0x02C1	0x0871      	MOVF       R1, 0
0x02C2	0x3A01      	XORLW      1
0x02C3	0x3001      	MOVLW      1
0x02C4	0x1D03      	BTFSS      STATUS, 2
0x02C5	0x3000      	MOVLW      0
0x02C6	0x00F0      	MOVWF      R0
L_end_ReadButton1:
0x02C7	0x0008      	RETURN
; end of _ReadButton1
_MAX7219_Init:
;PicPong_Project.c,111 :: 		void MAX7219_Init() {
;PicPong_Project.c,112 :: 		MAX7219_CS_DIR = 0;
0x02C8	0x1683      	BSF        STATUS, 5
0x02C9	0x1303      	BCF        STATUS, 6
0x02CA	0x1007      	BCF        TRISC0_bit, BitPos(TRISC0_bit+0)
;PicPong_Project.c,113 :: 		MAX7219_CS = 1;
0x02CB	0x1283      	BCF        STATUS, 5
0x02CC	0x1407      	BSF        RC0_bit, BitPos(RC0_bit+0)
;PicPong_Project.c,115 :: 		TRISC3_bit = 0;   // SCK output
0x02CD	0x1683      	BSF        STATUS, 5
0x02CE	0x1187      	BCF        TRISC3_bit, BitPos(TRISC3_bit+0)
;PicPong_Project.c,116 :: 		TRISC5_bit = 0;   // SDO output
0x02CF	0x1287      	BCF        TRISC5_bit, BitPos(TRISC5_bit+0)
;PicPong_Project.c,118 :: 		RC3_bit = 0;
0x02D0	0x1283      	BCF        STATUS, 5
0x02D1	0x1187      	BCF        RC3_bit, BitPos(RC3_bit+0)
;PicPong_Project.c,119 :: 		RC5_bit = 0;
0x02D2	0x1287      	BCF        RC5_bit, BitPos(RC5_bit+0)
;PicPong_Project.c,122 :: 		_SPI_MASTER_OSC_DIV16,
0x02D3	0x3001      	MOVLW      1
0x02D4	0x00C3      	MOVWF      FARG_SPI1_Init_Advanced_master
;PicPong_Project.c,123 :: 		_SPI_DATA_SAMPLE_MIDDLE,
0x02D5	0x01C4      	CLRF       FARG_SPI1_Init_Advanced_data_sample
;PicPong_Project.c,124 :: 		_SPI_CLK_IDLE_LOW,
0x02D6	0x01C5      	CLRF       FARG_SPI1_Init_Advanced_clock_idle
;PicPong_Project.c,125 :: 		_SPI_LOW_2_HIGH
0x02D7	0x3001      	MOVLW      1
0x02D8	0x00C6      	MOVWF      FARG_SPI1_Init_Advanced_transmit_edge
0x02D9	0x202A      	CALL       _SPI1_Init_Advanced
;PicPong_Project.c,127 :: 		}
L_end_MAX7219_Init:
0x02DA	0x0008      	RETURN
; end of _MAX7219_Init
_main:
0x02DB	0x303C      	MOVLW      60
0x02DC	0x1283      	BCF        STATUS, 5
0x02DD	0x1303      	BCF        STATUS, 6
0x02DE	0x00A1      	MOVWF      _p1State
0x02DF	0x30FF      	MOVLW      255
0x02E0	0x00A2      	MOVWF      _ballDirX
0x02E1	0x30FF      	MOVLW      255
0x02E2	0x00A3      	MOVWF      35
0x02E3	0x01A4      	CLRF       _isScore
0x02E4	0x3001      	MOVLW      1
0x02E5	0x00A5      	MOVWF      _ballDirY
0x02E6	0x01A6      	CLRF       38
0x02E7	0x3004      	MOVLW      4
0x02E8	0x00A7      	MOVWF      _ballX
0x02E9	0x01A8      	CLRF       40
0x02EA	0x3010      	MOVLW      16
0x02EB	0x00A9      	MOVWF      _ballYState
0x02EC	0x303C      	MOVLW      60
0x02ED	0x00AA      	MOVWF      _p2State
0x02EE	0x01AB      	CLRF       _prevB2
0x02EF	0x01AC      	CLRF       _prevB3
0x02F0	0x01AD      	CLRF       _prevB0
0x02F1	0x01AE      	CLRF       _prevB1
;PicPong_Project.c,263 :: 		void main() {
;PicPong_Project.c,267 :: 		TRISB = 0xFF;
0x02F2	0x30FF      	MOVLW      255
0x02F3	0x1683      	BSF        STATUS, 5
0x02F4	0x0086      	MOVWF      TRISB
;PicPong_Project.c,268 :: 		TRISC = 0x00;
0x02F5	0x0187      	CLRF       TRISC
;PicPong_Project.c,269 :: 		PORTB = 0x00;
0x02F6	0x1283      	BCF        STATUS, 5
0x02F7	0x0186      	CLRF       PORTB
;PicPong_Project.c,270 :: 		PORTC = 0x00;
0x02F8	0x0187      	CLRF       PORTC
;PicPong_Project.c,272 :: 		OPTION_REG |= 0x80;   // disable PORTB pull-ups
0x02F9	0x1683      	BSF        STATUS, 5
0x02FA	0x1781      	BSF        OPTION_REG, 7
;PicPong_Project.c,274 :: 		MAX7219_Init();
0x02FB	0x22C8      	CALL       _MAX7219_Init
;PicPong_Project.c,275 :: 		MAX7219_Config();
0x02FC	0x21DA      	CALL       _MAX7219_Config
;PicPong_Project.c,277 :: 		while (1) {
L_main82:
;PicPong_Project.c,278 :: 		InitGame();
0x02FD	0x21C2      	CALL       _InitGame
;PicPong_Project.c,280 :: 		while (!isScore) {
L_main84:
0x02FE	0x0824      	MOVF       _isScore, 0
0x02FF	0x1D03      	BTFSS      STATUS, 2
0x0300	0x2B57      	GOTO       L_main85
;PicPong_Project.c,281 :: 		elapsed = 0;
0x0301	0x01B7      	CLRF       main_elapsed_L0
0x0302	0x01B8      	CLRF       main_elapsed_L0+1
;PicPong_Project.c,282 :: 		UpdateBallPosition();
0x0303	0x20D5      	CALL       _UpdateBallPosition
;PicPong_Project.c,284 :: 		while (elapsed < FRAME_DELAY_MS) {
L_main86:
0x0304	0x3003      	MOVLW      3
0x0305	0x0238      	SUBWF      main_elapsed_L0+1, 0
0x0306	0x1D03      	BTFSS      STATUS, 2
0x0307	0x2B0A      	GOTO       L__main137
0x0308	0x30E8      	MOVLW      232
0x0309	0x0237      	SUBWF      main_elapsed_L0, 0
L__main137:
0x030A	0x1803      	BTFSC      STATUS, 0
0x030B	0x2B56      	GOTO       L_main87
;PicPong_Project.c,285 :: 		b0 = ReadButton0();
0x030C	0x20BD      	CALL       _ReadButton0
0x030D	0x0870      	MOVF       R0, 0
0x030E	0x00B9      	MOVWF      main_b0_L0
;PicPong_Project.c,286 :: 		b1 = ReadButton1();
0x030F	0x22BC      	CALL       _ReadButton1
0x0310	0x0870      	MOVF       R0, 0
0x0311	0x00BA      	MOVWF      main_b1_L0
;PicPong_Project.c,287 :: 		b2 = ReadButton2();
0x0312	0x20C9      	CALL       _ReadButton2
0x0313	0x0870      	MOVF       R0, 0
0x0314	0x00BB      	MOVWF      main_b2_L0
;PicPong_Project.c,288 :: 		b3 = ReadButton3();
0x0315	0x2200      	CALL       _ReadButton3
0x0316	0x0870      	MOVF       R0, 0
0x0317	0x00BC      	MOVWF      main_b3_L0
;PicPong_Project.c,290 :: 		if (b0 && !prevB0) {
0x0318	0x0839      	MOVF       main_b0_L0, 0
0x0319	0x1903      	BTFSC      STATUS, 2
0x031A	0x2B22      	GOTO       L_main90
0x031B	0x082D      	MOVF       _prevB0, 0
0x031C	0x1D03      	BTFSS      STATUS, 2
0x031D	0x2B22      	GOTO       L_main90
L__main107:
;PicPong_Project.c,291 :: 		ButtonGoUp(1);
0x031E	0x3001      	MOVLW      1
0x031F	0x00BD      	MOVWF      FARG_ButtonGoUp_player
0x0320	0x220C      	CALL       _ButtonGoUp
;PicPong_Project.c,292 :: 		RenderFrame();
0x0321	0x2077      	CALL       _RenderFrame
;PicPong_Project.c,293 :: 		}
L_main90:
;PicPong_Project.c,294 :: 		if (b1 && !prevB1) {
0x0322	0x083A      	MOVF       main_b1_L0, 0
0x0323	0x1903      	BTFSC      STATUS, 2
0x0324	0x2B2C      	GOTO       L_main93
0x0325	0x082E      	MOVF       _prevB1, 0
0x0326	0x1D03      	BTFSS      STATUS, 2
0x0327	0x2B2C      	GOTO       L_main93
L__main106:
;PicPong_Project.c,295 :: 		ButtonGoDown(1);
0x0328	0x3001      	MOVLW      1
0x0329	0x00BD      	MOVWF      FARG_ButtonGoDown_player
0x032A	0x2264      	CALL       _ButtonGoDown
;PicPong_Project.c,296 :: 		RenderFrame();
0x032B	0x2077      	CALL       _RenderFrame
;PicPong_Project.c,297 :: 		}
L_main93:
;PicPong_Project.c,298 :: 		if (b2 && !prevB2) {
0x032C	0x083B      	MOVF       main_b2_L0, 0
0x032D	0x1903      	BTFSC      STATUS, 2
0x032E	0x2B36      	GOTO       L_main96
0x032F	0x082B      	MOVF       _prevB2, 0
0x0330	0x1D03      	BTFSS      STATUS, 2
0x0331	0x2B36      	GOTO       L_main96
L__main105:
;PicPong_Project.c,299 :: 		ButtonGoUp(2);
0x0332	0x3002      	MOVLW      2
0x0333	0x00BD      	MOVWF      FARG_ButtonGoUp_player
0x0334	0x220C      	CALL       _ButtonGoUp
;PicPong_Project.c,300 :: 		RenderFrame();
0x0335	0x2077      	CALL       _RenderFrame
;PicPong_Project.c,301 :: 		}
L_main96:
;PicPong_Project.c,302 :: 		if (b3 && !prevB3) {
0x0336	0x083C      	MOVF       main_b3_L0, 0
0x0337	0x1903      	BTFSC      STATUS, 2
0x0338	0x2B40      	GOTO       L_main99
0x0339	0x082C      	MOVF       _prevB3, 0
0x033A	0x1D03      	BTFSS      STATUS, 2
0x033B	0x2B40      	GOTO       L_main99
L__main104:
;PicPong_Project.c,303 :: 		ButtonGoDown(2);
0x033C	0x3002      	MOVLW      2
0x033D	0x00BD      	MOVWF      FARG_ButtonGoDown_player
0x033E	0x2264      	CALL       _ButtonGoDown
;PicPong_Project.c,304 :: 		RenderFrame();
0x033F	0x2077      	CALL       _RenderFrame
;PicPong_Project.c,305 :: 		}
L_main99:
;PicPong_Project.c,307 :: 		prevB0 = b0;
0x0340	0x0839      	MOVF       main_b0_L0, 0
0x0341	0x00AD      	MOVWF      _prevB0
;PicPong_Project.c,308 :: 		prevB1 = b1;
0x0342	0x083A      	MOVF       main_b1_L0, 0
0x0343	0x00AE      	MOVWF      _prevB1
;PicPong_Project.c,309 :: 		prevB2 = b2;
0x0344	0x083B      	MOVF       main_b2_L0, 0
0x0345	0x00AB      	MOVWF      _prevB2
;PicPong_Project.c,310 :: 		prevB3 = b3;
0x0346	0x083C      	MOVF       main_b3_L0, 0
0x0347	0x00AC      	MOVWF      _prevB3
;PicPong_Project.c,312 :: 		Delay_ms(DEBOUNCE_DELAY_MS);
0x0348	0x3015      	MOVLW      21
0x0349	0x00FC      	MOVWF      R12
0x034A	0x30C6      	MOVLW      198
0x034B	0x00FD      	MOVWF      R13
L_main100:
0x034C	0x0BFD      	DECFSZ     R13, 1
0x034D	0x2B4C      	GOTO       L_main100
0x034E	0x0BFC      	DECFSZ     R12, 1
0x034F	0x2B4C      	GOTO       L_main100
0x0350	0x0000      	NOP
;PicPong_Project.c,313 :: 		elapsed += DEBOUNCE_DELAY_MS;
0x0351	0x3008      	MOVLW      8
0x0352	0x07B7      	ADDWF      main_elapsed_L0, 1
0x0353	0x1803      	BTFSC      STATUS, 0
0x0354	0x0AB8      	INCF       main_elapsed_L0+1, 1
;PicPong_Project.c,314 :: 		}
0x0355	0x2B04      	GOTO       L_main86
L_main87:
;PicPong_Project.c,315 :: 		}
0x0356	0x2AFE      	GOTO       L_main84
L_main85:
;PicPong_Project.c,317 :: 		Delay_ms(250);
0x0357	0x3003      	MOVLW      3
0x0358	0x00FB      	MOVWF      R11
0x0359	0x308A      	MOVLW      138
0x035A	0x00FC      	MOVWF      R12
0x035B	0x3055      	MOVLW      85
0x035C	0x00FD      	MOVWF      R13
L_main101:
0x035D	0x0BFD      	DECFSZ     R13, 1
0x035E	0x2B5D      	GOTO       L_main101
0x035F	0x0BFC      	DECFSZ     R12, 1
0x0360	0x2B5D      	GOTO       L_main101
0x0361	0x0BFB      	DECFSZ     R11, 1
0x0362	0x2B5D      	GOTO       L_main101
0x0363	0x0000      	NOP
0x0364	0x0000      	NOP
;PicPong_Project.c,318 :: 		}
0x0365	0x2AFD      	GOTO       L_main82
;PicPong_Project.c,319 :: 		}
L_end_main:
0x0366	0x2B66      	GOTO       $+0
; end of _main
Symbol List:
//** Routines locations **
//ADDRESS    SIZE    PROCEDURE
//----------------------------------------------
0x0003      [13]    _SPI1_Write
0x0010      [11]    _MAX7219_Send
0x001B       [8]    _ApplyPaddleState
0x0023       [7]    _____DoICP
0x002A      [62]    _SPI1_Init_Advanced
0x0068      [15]    _MAX7219_Clear
0x0077      [70]    _RenderFrame
0x00BD      [12]    _ReadButton0
0x00C9      [12]    _ReadButton2
0x00D5     [237]    _UpdateBallPosition
0x01C2      [24]    _InitGame
0x01DA      [26]    _MAX7219_Config
0x01F4      [12]    ___CC2DW
0x0200      [12]    _ReadButton3
0x020C      [88]    _ButtonGoUp
0x0264      [88]    _ButtonGoDown
0x02BC      [12]    _ReadButton1
0x02C8      [19]    _MAX7219_Init
0x02DB     [140]    _main
//** Variables locations ** 
//ADDRESS    SIZE    VARIABLE
//----------------------------------------------
0x0000       [1]    INDF
0x0002       [1]    PCL
0x0003       [1]    STATUS
0x0004       [1]    FSR
0x0006       [0]    RB0_bit
0x0006       [1]    PORTB
0x0006       [0]    RB1_bit
0x0006       [0]    RB3_bit
0x0006       [0]    RB2_bit
0x0007       [1]    PORTC
0x0007       [0]    RC0_bit
0x0007       [0]    RC3_bit
0x0007       [0]    RC5_bit
0x000A       [1]    PCLATH
0x0013       [1]    SSPBUF
0x0014       [1]    SSPCON
0x0020       [1]    FARG_SPI1_Write_data_
0x0021       [1]    _p1State
0x0022       [2]    _ballDirX
0x0024       [1]    _isScore
0x0025       [2]    _ballDirY
0x0027       [2]    _ballX
0x0029       [1]    _ballYState
0x002A       [1]    _p2State
0x002B       [1]    _prevB2
0x002C       [1]    _prevB3
0x002D       [1]    _prevB0
0x002E       [1]    _prevB1
0x002F       [2]    ___DoICPAddr
0x0031       [3]    _SPI_Wr_Ptr
0x0034       [3]    _SPI_Rd_Ptr
0x0037       [2]    main_elapsed_L0
0x0039       [1]    main_b0_L0
0x003A       [1]    main_b1_L0
0x003B       [1]    main_b2_L0
0x003C       [1]    main_b3_L0
0x003D       [1]    ?FLOC___UpdateBallPositionT54
0x003D       [1]    FARG_ButtonGoUp_player
0x003D       [1]    FARG_ButtonGoDown_player
0x003E       [1]    ?FLOC___UpdateBallPositionT58
0x003F       [1]    ?FLOC___UpdateBallPositionT62
0x0040       [1]    ?FLOC___UpdateBallPositionT66
0x0041       [1]    ?FLOC___UpdateBallPositionT70
0x0042       [1]    ?FLOC___UpdateBallPositionT74
0x0043       [1]    MAX7219_Clear_col_L0
0x0043       [1]    FARG_SPI1_Init_Advanced_master
0x0043       [1]    RenderFrame_col_L0
0x0044       [1]    FARG_SPI1_Init_Advanced_data_sample
0x0044       [1]    RenderFrame_p1Render_L0
0x0045       [1]    FARG_SPI1_Init_Advanced_clock_idle
0x0045       [1]    RenderFrame_p2Render_L0
0x0046       [1]    FARG_SPI1_Init_Advanced_transmit_edge
0x0047       [1]    FARG_ApplyPaddleState_playerCol
0x0048       [1]    FARG_ApplyPaddleState_paddleState
0x0049       [1]    FARG_MAX7219_Send_regAddr
0x004A       [1]    FARG_MAX7219_Send_regData
0x0070       [1]    R0
0x0071       [1]    R1
0x0072       [1]    R2
0x0073       [1]    R3
0x0074       [1]    R4
0x0075       [1]    R5
0x0076       [1]    R6
0x0077       [1]    R7
0x0078       [1]    R8
0x0079       [1]    R9
0x007A       [1]    R10
0x007B       [1]    R11
0x007C       [1]    R12
0x007D       [1]    R13
0x007E       [1]    R14
0x007F       [1]    R15
0x0081       [1]    OPTION_REG
0x0086       [1]    TRISB
0x0087       [0]    TRISC4_bit
0x0087       [0]    TRISC3_bit
0x0087       [1]    TRISC
0x0087       [0]    TRISC0_bit
0x0087       [0]    TRISC5_bit
0x0094       [1]    SSPSTAT
